This file contains any messages produced by compilers while
running configure, to aid debugging if configure makes a mistake.

It was created by GNOME Terminal configure 3.38.1, which was
generated by GNU Autoconf 2.69.  Invocation command line was

  $ ./configure --prefix=/usr --sysconfdir=/etc --localstatedir=/var --libexecdir=/usr/lib --disable-static --with-nautilus-extension

## --------- ##
## Platform. ##
## --------- ##

hostname = Arch-VM
uname -m = x86_64
uname -r = 5.4.80-2-lts
uname -s = Linux
uname -v = #1 SMP Sat, 28 Nov 2020 15:11:01 +0000

/usr/bin/uname -p = unknown
/bin/uname -X     = unknown

/bin/arch              = unknown
/usr/bin/arch -k       = unknown
/usr/convex/getsysinfo = unknown
/usr/bin/hostinfo      = unknown
/bin/machine           = unknown
/usr/bin/oslevel       = unknown
/bin/universe          = unknown

PATH: /home/frazer/bin
PATH: /home/frazer/.local/bin
PATH: /usr/local/bin
PATH: /usr/local/sbin
PATH: /usr/bin
PATH: /usr/bin/site_perl
PATH: /usr/bin/vendor_perl
PATH: /usr/bin/core_perl


## ----------- ##
## Core tests. ##
## ----------- ##

configure:2407: checking for a BSD-compatible install
configure:2475: result: /usr/bin/install -c
configure:2486: checking whether build environment is sane
configure:2541: result: yes
configure:2690: checking for a thread-safe mkdir -p
configure:2729: result: /usr/bin/mkdir -p
configure:2736: checking for gawk
configure:2752: found /usr/bin/gawk
configure:2763: result: gawk
configure:2774: checking whether make sets $(MAKE)
configure:2796: result: yes
configure:2825: checking whether make supports nested variables
configure:2842: result: yes
configure:2973: checking whether make supports the include directive
configure:2988: make -f confmf.GNU && cat confinc.out
this is the am__doit target
configure:2991: $? = 0
configure:3010: result: yes (GNU style)
configure:3080: checking for gcc
configure:3096: found /usr/bin/gcc
configure:3107: result: gcc
configure:3336: checking for C compiler version
configure:3345: gcc --version >&5
gcc (GCC) 10.2.0
Copyright (C) 2020 Free Software Foundation, Inc.
This is free software; see the source for copying conditions.  There is NO
warranty; not even for MERCHANTABILITY or FITNESS FOR A PARTICULAR PURPOSE.

configure:3356: $? = 0
configure:3345: gcc -v >&5
Using built-in specs.
COLLECT_GCC=gcc
COLLECT_LTO_WRAPPER=/usr/lib/gcc/x86_64-pc-linux-gnu/10.2.0/lto-wrapper
Target: x86_64-pc-linux-gnu
Configured with: /build/gcc/src/gcc/configure --prefix=/usr --libdir=/usr/lib --libexecdir=/usr/lib --mandir=/usr/share/man --infodir=/usr/share/info --with-bugurl=https://bugs.archlinux.org/ --enable-languages=c,c++,ada,fortran,go,lto,objc,obj-c++,d --with-isl --with-linker-hash-style=gnu --with-system-zlib --enable-__cxa_atexit --enable-cet=auto --enable-checking=release --enable-clocale=gnu --enable-default-pie --enable-default-ssp --enable-gnu-indirect-function --enable-gnu-unique-object --enable-install-libiberty --enable-linker-build-id --enable-lto --enable-multilib --enable-plugin --enable-shared --enable-threads=posix --disable-libssp --disable-libstdcxx-pch --disable-libunwind-exceptions --disable-werror gdc_include_dir=/usr/include/dlang/gdc
Thread model: posix
Supported LTO compression algorithms: zlib zstd
gcc version 10.2.0 (GCC) 
configure:3356: $? = 0
configure:3345: gcc -V >&5
gcc: error: unrecognized command-line option '-V'
gcc: fatal error: no input files
compilation terminated.
configure:3356: $? = 1
configure:3345: gcc -qversion >&5
gcc: error: unrecognized command-line option '-qversion'; did you mean '--version'?
gcc: fatal error: no input files
compilation terminated.
configure:3356: $? = 1
configure:3376: checking whether the C compiler works
configure:3398: gcc -march=x86-64 -mtune=generic -O2 -pipe -fno-plt -D_FORTIFY_SOURCE=2 -Wl,-O1,--sort-common,--as-needed,-z,relro,-z,now conftest.c  >&5
configure:3402: $? = 0
configure:3450: result: yes
configure:3453: checking for C compiler default output file name
configure:3455: result: a.out
configure:3461: checking for suffix of executables
configure:3468: gcc -o conftest -march=x86-64 -mtune=generic -O2 -pipe -fno-plt -D_FORTIFY_SOURCE=2 -Wl,-O1,--sort-common,--as-needed,-z,relro,-z,now conftest.c  >&5
configure:3472: $? = 0
configure:3494: result: 
configure:3516: checking whether we are cross compiling
configure:3524: gcc -o conftest -march=x86-64 -mtune=generic -O2 -pipe -fno-plt -D_FORTIFY_SOURCE=2 -Wl,-O1,--sort-common,--as-needed,-z,relro,-z,now conftest.c  >&5
configure:3528: $? = 0
configure:3535: ./conftest
configure:3539: $? = 0
configure:3527: result: no
configure:3532: checking for suffix of object files
configure:3554: gcc -c -march=x86-64 -mtune=generic -O2 -pipe -fno-plt -D_FORTIFY_SOURCE=2 conftest.c >&5
configure:3558: $? = 0
configure:3579: result: o
configure:3583: checking whether we are using the GNU C compiler
configure:3602: gcc -c -march=x86-64 -mtune=generic -O2 -pipe -fno-plt -D_FORTIFY_SOURCE=2 conftest.c >&5
configure:3602: $? = 0
configure:3611: result: yes
configure:3620: checking whether gcc accepts -g
configure:3640: gcc -c -g -D_FORTIFY_SOURCE=2 conftest.c >&5
configure:3640: $? = 0
configure:3681: result: yes
configure:3698: checking for gcc option to accept ISO C89
configure:3761: gcc  -c -march=x86-64 -mtune=generic -O2 -pipe -fno-plt -D_FORTIFY_SOURCE=2 conftest.c >&5
configure:3761: $? = 0
configure:3774: result: none needed
configure:3799: checking whether gcc understands -c and -o together
configure:3821: gcc -c conftest.c -o conftest2.o
configure:3824: $? = 0
configure:3821: gcc -c conftest.c -o conftest2.o
configure:3824: $? = 0
configure:3836: result: yes
configure:3855: checking dependency style of gcc
configure:3966: result: gcc3
configure:3987: checking how to run the C preprocessor
configure:4018: gcc -E -D_FORTIFY_SOURCE=2 conftest.c
In file included from /usr/include/bits/libc-header-start.h:33,
                 from /usr/include/limits.h:26,
                 from /usr/lib/gcc/x86_64-pc-linux-gnu/10.2.0/include-fixed/limits.h:195,
                 from /usr/lib/gcc/x86_64-pc-linux-gnu/10.2.0/include-fixed/syslimits.h:7,
                 from /usr/lib/gcc/x86_64-pc-linux-gnu/10.2.0/include-fixed/limits.h:34,
                 from conftest.c:12:
/usr/include/features.h:397:4: warning: #warning _FORTIFY_SOURCE requires compiling with optimization (-O) [-Wcpp]
  397 | #  warning _FORTIFY_SOURCE requires compiling with optimization (-O)
      |    ^~~~~~~
configure:4018: $? = 0
configure:4032: gcc -E -D_FORTIFY_SOURCE=2 conftest.c
conftest.c:11:10: fatal error: ac_nonexistent.h: No such file or directory
   11 | #include <ac_nonexistent.h>
      |          ^~~~~~~~~~~~~~~~~~
compilation terminated.
configure:4032: $? = 1
configure: failed program was:
| /* confdefs.h */
| #define PACKAGE_NAME "GNOME Terminal"
| #define PACKAGE_TARNAME "gnome-terminal"
| #define PACKAGE_VERSION "3.38.1"
| #define PACKAGE_STRING "GNOME Terminal 3.38.1"
| #define PACKAGE_BUGREPORT "http://bugzilla.gnome.org/enter_bug.cgi?product=gnome-terminal"
| #define PACKAGE_URL ""
| #define PACKAGE "gnome-terminal"
| #define VERSION "3.38.1"
| /* end confdefs.h.  */
| #include <ac_nonexistent.h>
configure:4057: result: gcc -E
configure:4077: gcc -E -D_FORTIFY_SOURCE=2 conftest.c
In file included from /usr/include/bits/libc-header-start.h:33,
                 from /usr/include/limits.h:26,
                 from /usr/lib/gcc/x86_64-pc-linux-gnu/10.2.0/include-fixed/limits.h:195,
                 from /usr/lib/gcc/x86_64-pc-linux-gnu/10.2.0/include-fixed/syslimits.h:7,
                 from /usr/lib/gcc/x86_64-pc-linux-gnu/10.2.0/include-fixed/limits.h:34,
                 from conftest.c:12:
/usr/include/features.h:397:4: warning: #warning _FORTIFY_SOURCE requires compiling with optimization (-O) [-Wcpp]
  397 | #  warning _FORTIFY_SOURCE requires compiling with optimization (-O)
      |    ^~~~~~~
configure:4077: $? = 0
configure:4091: gcc -E -D_FORTIFY_SOURCE=2 conftest.c
conftest.c:11:10: fatal error: ac_nonexistent.h: No such file or directory
   11 | #include <ac_nonexistent.h>
      |          ^~~~~~~~~~~~~~~~~~
compilation terminated.
configure:4091: $? = 1
configure: failed program was:
| /* confdefs.h */
| #define PACKAGE_NAME "GNOME Terminal"
| #define PACKAGE_TARNAME "gnome-terminal"
| #define PACKAGE_VERSION "3.38.1"
| #define PACKAGE_STRING "GNOME Terminal 3.38.1"
| #define PACKAGE_BUGREPORT "http://bugzilla.gnome.org/enter_bug.cgi?product=gnome-terminal"
| #define PACKAGE_URL ""
| #define PACKAGE "gnome-terminal"
| #define VERSION "3.38.1"
| /* end confdefs.h.  */
| #include <ac_nonexistent.h>
configure:4120: checking for grep that handles long lines and -e
configure:4178: result: /usr/bin/grep
configure:4183: checking for egrep
configure:4245: result: /usr/bin/grep -E
configure:4250: checking for ANSI C header files
configure:4270: gcc -c -march=x86-64 -mtune=generic -O2 -pipe -fno-plt -D_FORTIFY_SOURCE=2 conftest.c >&5
configure:4270: $? = 0
In file included from /usr/include/bits/libc-header-start.h:33,
                 from /usr/include/string.h:26,
                 from conftest.c:11:
/usr/include/features.h:397:4: warning: #warning _FORTIFY_SOURCE requires compiling with optimization (-O) [-Wcpp]
  397 | #  warning _FORTIFY_SOURCE requires compiling with optimization (-O)
      |    ^~~~~~~
In file included from /usr/include/bits/libc-header-start.h:33,
                 from /usr/include/stdlib.h:25,
                 from conftest.c:11:
/usr/include/features.h:397:4: warning: #warning _FORTIFY_SOURCE requires compiling with optimization (-O) [-Wcpp]
  397 | #  warning _FORTIFY_SOURCE requires compiling with optimization (-O)
      |    ^~~~~~~
configure:4343: gcc -o conftest -march=x86-64 -mtune=generic -O2 -pipe -fno-plt -D_FORTIFY_SOURCE=2 -Wl,-O1,--sort-common,--as-needed,-z,relro,-z,now conftest.c  >&5
configure:4343: $? = 0
configure:4343: ./conftest
configure:4343: $? = 0
configure:4354: result: yes
configure:4367: checking for sys/types.h
configure:4367: gcc -c -march=x86-64 -mtune=generic -O2 -pipe -fno-plt -D_FORTIFY_SOURCE=2 conftest.c >&5
configure:4367: $? = 0
configure:4367: result: yes
configure:4367: checking for sys/stat.h
configure:4367: gcc -c -march=x86-64 -mtune=generic -O2 -pipe -fno-plt -D_FORTIFY_SOURCE=2 conftest.c >&5
configure:4367: $? = 0
configure:4367: result: yes
configure:4367: checking for stdlib.h
configure:4367: gcc -c -march=x86-64 -mtune=generic -O2 -pipe -fno-plt -D_FORTIFY_SOURCE=2 conftest.c >&5
configure:4367: $? = 0
configure:4367: result: yes
configure:4367: checking for string.h
configure:4367: gcc -c -march=x86-64 -mtune=generic -O2 -pipe -fno-plt -D_FORTIFY_SOURCE=2 conftest.c >&5
configure:4367: $? = 0
configure:4367: result: yes
configure:4367: checking for memory.h
configure:4367: gcc -c -march=x86-64 -mtune=generic -O2 -pipe -fno-plt -D_FORTIFY_SOURCE=2 conftest.c >&5
configure:4367: $? = 0
configure:4367: result: yes
configure:4367: checking for strings.h
configure:4367: gcc -c -march=x86-64 -mtune=generic -O2 -pipe -fno-plt -D_FORTIFY_SOURCE=2 conftest.c >&5
configure:4367: $? = 0
configure:4367: result: yes
configure:4367: checking for inttypes.h
configure:4367: gcc -c -march=x86-64 -mtune=generic -O2 -pipe -fno-plt -D_FORTIFY_SOURCE=2 conftest.c >&5
configure:4367: $? = 0
configure:4367: result: yes
configure:4367: checking for stdint.h
configure:4367: gcc -c -march=x86-64 -mtune=generic -O2 -pipe -fno-plt -D_FORTIFY_SOURCE=2 conftest.c >&5
configure:4367: $? = 0
configure:4367: result: yes
configure:4367: checking for unistd.h
configure:4367: gcc -c -march=x86-64 -mtune=generic -O2 -pipe -fno-plt -D_FORTIFY_SOURCE=2 conftest.c >&5
configure:4367: $? = 0
configure:4367: result: yes
configure:4380: checking minix/config.h usability
configure:4380: gcc -c -march=x86-64 -mtune=generic -O2 -pipe -fno-plt -D_FORTIFY_SOURCE=2 conftest.c >&5
conftest.c:54:10: fatal error: minix/config.h: No such file or directory
   54 | #include <minix/config.h>
      |          ^~~~~~~~~~~~~~~~
compilation terminated.
configure:4380: $? = 1
configure: failed program was:
| /* confdefs.h */
| #define PACKAGE_NAME "GNOME Terminal"
| #define PACKAGE_TARNAME "gnome-terminal"
| #define PACKAGE_VERSION "3.38.1"
| #define PACKAGE_STRING "GNOME Terminal 3.38.1"
| #define PACKAGE_BUGREPORT "http://bugzilla.gnome.org/enter_bug.cgi?product=gnome-terminal"
| #define PACKAGE_URL ""
| #define PACKAGE "gnome-terminal"
| #define VERSION "3.38.1"
| #define STDC_HEADERS 1
| #define HAVE_SYS_TYPES_H 1
| #define HAVE_SYS_STAT_H 1
| #define HAVE_STDLIB_H 1
| #define HAVE_STRING_H 1
| #define HAVE_MEMORY_H 1
| #define HAVE_STRINGS_H 1
| #define HAVE_INTTYPES_H 1
| #define HAVE_STDINT_H 1
| #define HAVE_UNISTD_H 1
| /* end confdefs.h.  */
| #include <stdio.h>
| #ifdef HAVE_SYS_TYPES_H
| # include <sys/types.h>
| #endif
| #ifdef HAVE_SYS_STAT_H
| # include <sys/stat.h>
| #endif
| #ifdef STDC_HEADERS
| # include <stdlib.h>
| # include <stddef.h>
| #else
| # ifdef HAVE_STDLIB_H
| #  include <stdlib.h>
| # endif
| #endif
| #ifdef HAVE_STRING_H
| # if !defined STDC_HEADERS && defined HAVE_MEMORY_H
| #  include <memory.h>
| # endif
| # include <string.h>
| #endif
| #ifdef HAVE_STRINGS_H
| # include <strings.h>
| #endif
| #ifdef HAVE_INTTYPES_H
| # include <inttypes.h>
| #endif
| #ifdef HAVE_STDINT_H
| # include <stdint.h>
| #endif
| #ifdef HAVE_UNISTD_H
| # include <unistd.h>
| #endif
| #include <minix/config.h>
configure:4380: result: no
configure:4380: checking minix/config.h presence
configure:4380: gcc -E -D_FORTIFY_SOURCE=2 conftest.c
conftest.c:21:10: fatal error: minix/config.h: No such file or directory
   21 | #include <minix/config.h>
      |          ^~~~~~~~~~~~~~~~
compilation terminated.
configure:4380: $? = 1
configure: failed program was:
| /* confdefs.h */
| #define PACKAGE_NAME "GNOME Terminal"
| #define PACKAGE_TARNAME "gnome-terminal"
| #define PACKAGE_VERSION "3.38.1"
| #define PACKAGE_STRING "GNOME Terminal 3.38.1"
| #define PACKAGE_BUGREPORT "http://bugzilla.gnome.org/enter_bug.cgi?product=gnome-terminal"
| #define PACKAGE_URL ""
| #define PACKAGE "gnome-terminal"
| #define VERSION "3.38.1"
| #define STDC_HEADERS 1
| #define HAVE_SYS_TYPES_H 1
| #define HAVE_SYS_STAT_H 1
| #define HAVE_STDLIB_H 1
| #define HAVE_STRING_H 1
| #define HAVE_MEMORY_H 1
| #define HAVE_STRINGS_H 1
| #define HAVE_INTTYPES_H 1
| #define HAVE_STDINT_H 1
| #define HAVE_UNISTD_H 1
| /* end confdefs.h.  */
| #include <minix/config.h>
configure:4380: result: no
configure:4380: checking for minix/config.h
configure:4380: result: no
configure:4401: checking whether it is safe to define __EXTENSIONS__
configure:4419: gcc -c -march=x86-64 -mtune=generic -O2 -pipe -fno-plt -D_FORTIFY_SOURCE=2 conftest.c >&5
configure:4419: $? = 0
configure:4426: result: yes
configure:4452: checking whether make supports nested variables
configure:4469: result: yes
configure:4493: checking whether to enable maintainer-specific portions of Makefiles
configure:4502: result: yes
configure:4570: checking for pkg-config
configure:4588: found /usr/bin/pkg-config
configure:4600: result: /usr/bin/pkg-config
configure:4625: checking pkg-config is at least version 0.9.0
configure:4628: result: yes
configure:4637: checking for gcc option to accept ISO C99
configure:4786: gcc  -c -march=x86-64 -mtune=generic -O2 -pipe -fno-plt -D_FORTIFY_SOURCE=2 conftest.c >&5
configure:4786: $? = 0
configure:4799: result: none needed
configure:4814: checking for library containing strerror
configure:4845: gcc -o conftest -march=x86-64 -mtune=generic -O2 -pipe -fno-plt -D_FORTIFY_SOURCE=2 -Wl,-O1,--sort-common,--as-needed,-z,relro,-z,now conftest.c  >&5
configure:4845: $? = 0
configure:4862: result: none required
configure:4870: checking for ANSI C header files
configure:4974: result: yes
configure:5011: checking build system type
configure:5025: result: x86_64-pc-linux-gnu
configure:5045: checking host system type
configure:5058: result: x86_64-pc-linux-gnu
configure:5099: checking how to print strings
configure:5126: result: printf
configure:5147: checking for a sed that does not truncate output
configure:5211: result: /usr/bin/sed
configure:5229: checking for fgrep
configure:5291: result: /usr/bin/grep -F
configure:5326: checking for ld used by gcc
configure:5393: result: /usr/bin/ld
configure:5400: checking if the linker (/usr/bin/ld) is GNU ld
configure:5415: result: yes
configure:5427: checking for BSD- or MS-compatible name lister (nm)
configure:5481: result: /usr/bin/nm -B
configure:5611: checking the name lister (/usr/bin/nm -B) interface
configure:5618: gcc -c -march=x86-64 -mtune=generic -O2 -pipe -fno-plt -D_FORTIFY_SOURCE=2 conftest.c >&5
configure:5621: /usr/bin/nm -B "conftest.o"
configure:5624: output
0000000000000000 B some_variable
configure:5625: result: BSD nm
configure:5628: checking whether ln -s works
configure:5632: result: yes
configure:5640: checking the maximum length of command line arguments
configure:5771: result: 1572864
configure:5819: checking how to convert x86_64-pc-linux-gnu file names to x86_64-pc-linux-gnu format
configure:5859: result: func_convert_file_noop
configure:5866: checking how to convert x86_64-pc-linux-gnu file names to toolchain format
configure:5886: result: func_convert_file_noop
configure:5893: checking for /usr/bin/ld option to reload object files
configure:5900: result: -r
configure:5974: checking for objdump
configure:5990: found /usr/bin/objdump
configure:6001: result: objdump
configure:6033: checking how to recognize dependent libraries
configure:6233: result: pass_all
configure:6318: checking for dlltool
configure:6348: result: no
configure:6378: checking how to associate runtime and link libraries
configure:6405: result: printf %s\n
configure:6465: checking for ar
configure:6481: found /usr/bin/ar
configure:6492: result: ar
configure:6529: checking for archiver @FILE support
configure:6546: gcc -c -march=x86-64 -mtune=generic -O2 -pipe -fno-plt -D_FORTIFY_SOURCE=2 conftest.c >&5
configure:6546: $? = 0
configure:6549: ar cru libconftest.a @conftest.lst >&5
ar: `u' modifier ignored since `D' is the default (see `U')
configure:6552: $? = 0
configure:6557: ar cru libconftest.a @conftest.lst >&5
ar: `u' modifier ignored since `D' is the default (see `U')
ar: conftest.o: No such file or directory
configure:6560: $? = 1
configure:6559: result: @
configure:6617: checking for strip
configure:6633: found /usr/bin/strip
configure:6644: result: strip
configure:6716: checking for ranlib
configure:6732: found /usr/bin/ranlib
configure:6743: result: ranlib
configure:6845: checking command to parse /usr/bin/nm -B output from gcc object
configure:6998: gcc -c -march=x86-64 -mtune=generic -O2 -pipe -fno-plt -D_FORTIFY_SOURCE=2 conftest.c >&5
configure:7001: $? = 0
configure:7005: /usr/bin/nm -B conftest.o \| sed -n -e 's/^.*[ ]\([ABCDGIRSTW][ABCDGIRSTW]*\)[ ][ ]*\([_A-Za-z][_A-Za-z0-9]*\)$/\1 \2 \2/p' | sed '/ __gnu_lto/d' \> conftest.nm
configure:7008: $? = 0
configure:7074: gcc -o conftest -march=x86-64 -mtune=generic -O2 -pipe -fno-plt -D_FORTIFY_SOURCE=2 -Wl,-O1,--sort-common,--as-needed,-z,relro,-z,now conftest.c conftstm.o >&5
configure:7077: $? = 0
configure:7115: result: ok
configure:7162: checking for sysroot
configure:7192: result: no
configure:7199: checking for a working dd
configure:7237: result: /usr/bin/dd
configure:7241: checking how to truncate binary pipes
configure:7256: result: /usr/bin/dd bs=4096 count=1
configure:7392: gcc -c -march=x86-64 -mtune=generic -O2 -pipe -fno-plt -D_FORTIFY_SOURCE=2 conftest.c >&5
configure:7395: $? = 0
configure:7585: checking for mt
configure:7615: result: no
configure:7635: checking if : is a manifest tool
configure:7641: : '-?'
configure:7649: result: no
configure:8323: checking for dlfcn.h
configure:8323: gcc -c -march=x86-64 -mtune=generic -O2 -pipe -fno-plt -D_FORTIFY_SOURCE=2 conftest.c >&5
configure:8323: $? = 0
configure:8323: result: yes
configure:8579: checking for objdir
configure:8594: result: .libs
configure:8858: checking if gcc supports -fno-rtti -fno-exceptions
configure:8876: gcc -c -march=x86-64 -mtune=generic -O2 -pipe -fno-plt -D_FORTIFY_SOURCE=2 -fno-rtti -fno-exceptions conftest.c >&5
cc1: warning: command-line option '-fno-rtti' is valid for C++/D/ObjC++ but not for C
configure:8880: $? = 0
configure:8893: result: no
configure:9251: checking for gcc option to produce PIC
configure:9258: result: -fPIC -DPIC
configure:9266: checking if gcc PIC flag -fPIC -DPIC works
configure:9284: gcc -c -march=x86-64 -mtune=generic -O2 -pipe -fno-plt -D_FORTIFY_SOURCE=2 -fPIC -DPIC -DPIC conftest.c >&5
configure:9288: $? = 0
configure:9301: result: yes
configure:9330: checking if gcc static flag -static works
configure:9358: result: yes
configure:9373: checking if gcc supports -c -o file.o
configure:9394: gcc -c -march=x86-64 -mtune=generic -O2 -pipe -fno-plt -D_FORTIFY_SOURCE=2 -o out/conftest2.o conftest.c >&5
configure:9398: $? = 0
configure:9420: result: yes
configure:9428: checking if gcc supports -c -o file.o
configure:9475: result: yes
configure:9508: checking whether the gcc linker (/usr/bin/ld -m elf_x86_64) supports shared libraries
configure:10767: result: yes
configure:10804: checking whether -lc should be explicitly linked in
configure:10812: gcc -c -march=x86-64 -mtune=generic -O2 -pipe -fno-plt -D_FORTIFY_SOURCE=2 conftest.c >&5
configure:10815: $? = 0
configure:10830: gcc -shared  -fPIC -DPIC conftest.o  -v -Wl,-soname -Wl,conftest -o conftest 2\>\&1 \| /usr/bin/grep  -lc  \>/dev/null 2\>\&1
configure:10833: $? = 0
configure:10847: result: no
configure:11007: checking dynamic linker characteristics
configure:11588: gcc -o conftest -march=x86-64 -mtune=generic -O2 -pipe -fno-plt -D_FORTIFY_SOURCE=2 -Wl,-O1,--sort-common,--as-needed,-z,relro,-z,now -Wl,-rpath -Wl,/foo conftest.c  >&5
configure:11588: $? = 0
configure:11828: result: GNU/Linux ld.so
configure:11950: checking how to hardcode library paths into programs
configure:11975: result: immediate
configure:12523: checking whether stripping libraries is possible
configure:12528: result: yes
configure:12563: checking if libtool supports shared libraries
configure:12565: result: yes
configure:12568: checking whether to build shared libraries
configure:12593: result: yes
configure:12596: checking whether to build static libraries
configure:12600: result: no
configure:9428: checking whether NLS is requested
configure:9437: result: yes
configure:9477: checking for msgfmt
configure: trying /usr/bin/msgfmt...
0 translated messages.
configure:9509: result: /usr/bin/msgfmt
configure:9518: checking for gmsgfmt
configure:9549: result: /usr/bin/msgfmt
configure:9599: checking for xgettext
configure: trying /usr/bin/xgettext...
/usr/bin/xgettext: warning: file '/dev/null' extension '' is unknown; will try C
configure:9631: result: /usr/bin/xgettext
configure:9676: checking for msgmerge
configure: trying /usr/bin/msgmerge...
configure:9707: result: /usr/bin/msgmerge
configure:9765: checking for ld used by gcc
configure:9832: result: /usr/bin/ld -m elf_x86_64
configure:9839: checking if the linker (/usr/bin/ld -m elf_x86_64) is GNU ld
configure:9854: result: yes
configure:9861: checking for shared library run path origin
configure:9874: result: done
configure:10446: checking for CFPreferencesCopyAppValue
configure:10464: gcc -o conftest -march=x86-64 -mtune=generic -O2 -pipe -fno-plt -D_FORTIFY_SOURCE=2 -Wl,-O1,--sort-common,--as-needed,-z,relro,-z,now conftest.c  -Wl,-framework -Wl,CoreFoundation >&5
conftest.c:30:10: fatal error: CoreFoundation/CFPreferences.h: No such file or directory
   30 | #include <CoreFoundation/CFPreferences.h>
      |          ^~~~~~~~~~~~~~~~~~~~~~~~~~~~~~~~
compilation terminated.
configure:10464: $? = 1
configure: failed program was:
| /* confdefs.h */
| #define PACKAGE_NAME "GNOME Terminal"
| #define PACKAGE_TARNAME "gnome-terminal"
| #define PACKAGE_VERSION "3.38.1"
| #define PACKAGE_STRING "GNOME Terminal 3.38.1"
| #define PACKAGE_BUGREPORT "http://bugzilla.gnome.org/enter_bug.cgi?product=gnome-terminal"
| #define PACKAGE_URL ""
| #define PACKAGE "gnome-terminal"
| #define VERSION "3.38.1"
| #define STDC_HEADERS 1
| #define HAVE_SYS_TYPES_H 1
| #define HAVE_SYS_STAT_H 1
| #define HAVE_STDLIB_H 1
| #define HAVE_STRING_H 1
| #define HAVE_MEMORY_H 1
| #define HAVE_STRINGS_H 1
| #define HAVE_INTTYPES_H 1
| #define HAVE_STDINT_H 1
| #define HAVE_UNISTD_H 1
| #define __EXTENSIONS__ 1
| #define _ALL_SOURCE 1
| #define _GNU_SOURCE 1
| #define _POSIX_PTHREAD_SEMANTICS 1
| #define _TANDEM_SOURCE 1
| #define GETTEXT_PACKAGE "gnome-terminal"
| #define STDC_HEADERS 1
| #define HAVE_DLFCN_H 1
| #define LT_OBJDIR ".libs/"
| /* end confdefs.h.  */
| #include <CoreFoundation/CFPreferences.h>
| int
| main ()
| {
| CFPreferencesCopyAppValue(NULL, NULL)
|   ;
|   return 0;
| }
configure:10473: result: no
configure:10480: checking for CFLocaleCopyCurrent
configure:10498: gcc -o conftest -march=x86-64 -mtune=generic -O2 -pipe -fno-plt -D_FORTIFY_SOURCE=2 -Wl,-O1,--sort-common,--as-needed,-z,relro,-z,now conftest.c  -Wl,-framework -Wl,CoreFoundation >&5
conftest.c:30:10: fatal error: CoreFoundation/CFLocale.h: No such file or directory
   30 | #include <CoreFoundation/CFLocale.h>
      |          ^~~~~~~~~~~~~~~~~~~~~~~~~~~
compilation terminated.
configure:10498: $? = 1
configure: failed program was:
| /* confdefs.h */
| #define PACKAGE_NAME "GNOME Terminal"
| #define PACKAGE_TARNAME "gnome-terminal"
| #define PACKAGE_VERSION "3.38.1"
| #define PACKAGE_STRING "GNOME Terminal 3.38.1"
| #define PACKAGE_BUGREPORT "http://bugzilla.gnome.org/enter_bug.cgi?product=gnome-terminal"
| #define PACKAGE_URL ""
| #define PACKAGE "gnome-terminal"
| #define VERSION "3.38.1"
| #define STDC_HEADERS 1
| #define HAVE_SYS_TYPES_H 1
| #define HAVE_SYS_STAT_H 1
| #define HAVE_STDLIB_H 1
| #define HAVE_STRING_H 1
| #define HAVE_MEMORY_H 1
| #define HAVE_STRINGS_H 1
| #define HAVE_INTTYPES_H 1
| #define HAVE_STDINT_H 1
| #define HAVE_UNISTD_H 1
| #define __EXTENSIONS__ 1
| #define _ALL_SOURCE 1
| #define _GNU_SOURCE 1
| #define _POSIX_PTHREAD_SEMANTICS 1
| #define _TANDEM_SOURCE 1
| #define GETTEXT_PACKAGE "gnome-terminal"
| #define STDC_HEADERS 1
| #define HAVE_DLFCN_H 1
| #define LT_OBJDIR ".libs/"
| /* end confdefs.h.  */
| #include <CoreFoundation/CFLocale.h>
| int
| main ()
| {
| CFLocaleCopyCurrent();
|   ;
|   return 0;
| }
configure:10507: result: no
configure:10556: checking for GNU gettext in libc
configure:10585: gcc -o conftest -march=x86-64 -mtune=generic -O2 -pipe -fno-plt -D_FORTIFY_SOURCE=2 -Wl,-O1,--sort-common,--as-needed,-z,relro,-z,now conftest.c  >&5
configure:10585: $? = 0
configure:10594: result: yes
configure:11441: checking whether to use NLS
configure:11443: result: yes
configure:11446: checking where the gettext function comes from
configure:11457: result: libc
configure:11698: checking whether gcc is Clang
configure:11723: result: no
configure:11846: checking whether pthreads work with -pthread
configure:11940: gcc -o conftest -march=x86-64 -mtune=generic -O2 -pipe -fno-plt -pthread -D_FORTIFY_SOURCE=2 -Wl,-O1,--sort-common,--as-needed,-z,relro,-z,now conftest.c   >&5
configure:11940: $? = 0
configure:11949: result: yes
configure:11968: checking for joinable pthread attribute
configure:11986: gcc -o conftest -march=x86-64 -mtune=generic -O2 -pipe -fno-plt -pthread -D_FORTIFY_SOURCE=2 -Wl,-O1,--sort-common,--as-needed,-z,relro,-z,now conftest.c   >&5
configure:11986: $? = 0
configure:11994: result: PTHREAD_CREATE_JOINABLE
configure:12008: checking whether more special flags are required for pthreads
configure:12021: result: no
configure:12029: checking for PTHREAD_PRIO_INHERIT
configure:12045: gcc -o conftest -march=x86-64 -mtune=generic -O2 -pipe -fno-plt -pthread -D_FORTIFY_SOURCE=2 -Wl,-O1,--sort-common,--as-needed,-z,relro,-z,now conftest.c   >&5
configure:12045: $? = 0
configure:12054: result: yes
configure:12167: checking which gtk+ version to compile against
configure:12181: result: 3.0
configure:12213: checking for TERM
configure:12229: $PKG_CONFIG --exists --print-errors "vte-$VTE_API_VERSION >= $VTE_REQUIRED
   glib-2.0 >= $GLIB_REQUIRED
   gio-2.0 >= $GIO_REQUIRED
   gio-unix-2.0 >= $GIO_UNIX_REQUIRED
   gtk+-$GTK_API_VERSION >= $GTK_REQUIRED
   gsettings-desktop-schemas >= $GSETTINGS_DESKTOP_SCHEMAS_REQUIRED
   dconf >= $DCONF_REQUIRED
   uuid
   libpcre2-8 >= $PCRE2_REQUIRED
   $PLATFORM_DEPS"
configure:12241: $? = 0
configure:12273: $PKG_CONFIG --exists --print-errors "vte-$VTE_API_VERSION >= $VTE_REQUIRED
   glib-2.0 >= $GLIB_REQUIRED
   gio-2.0 >= $GIO_REQUIRED
   gio-unix-2.0 >= $GIO_UNIX_REQUIRED
   gtk+-$GTK_API_VERSION >= $GTK_REQUIRED
   gsettings-desktop-schemas >= $GSETTINGS_DESKTOP_SCHEMAS_REQUIRED
   dconf >= $DCONF_REQUIRED
   uuid
   libpcre2-8 >= $PCRE2_REQUIRED
   $PLATFORM_DEPS"
configure:12285: $? = 0
configure:12379: result: yes
configure:12480: checking for pkg-config
configure:12510: result: /usr/bin/pkg-config
configure:12535: checking pkg-config is at least version 0.16
configure:12538: result: yes
configure:12554: $PKG_CONFIG --exists --print-errors "gio-2.0"
configure:12557: $? = 0
configure:12677: checking for glib-genmarshal
configure:12695: found /usr/bin/glib-genmarshal
configure:12707: result: /usr/bin/glib-genmarshal
configure:12724: checking for glib-mkenums
configure:12742: found /usr/bin/glib-mkenums
configure:12754: result: /usr/bin/glib-mkenums
configure:12771: checking for glib-compile-resources
configure:12789: found /usr/bin/glib-compile-resources
configure:12801: result: /usr/bin/glib-compile-resources
configure:12818: checking for gdbus-codegen
configure:12836: found /usr/bin/gdbus-codegen
configure:12848: result: /usr/bin/gdbus-codegen
configure:12865: checking for xmllint
configure:12883: found /usr/bin/xmllint
configure:12895: result: /usr/bin/xmllint
configure:12912: checking for desktop-file-validate
configure:12930: found /usr/bin/desktop-file-validate
configure:12942: result: /usr/bin/desktop-file-validate
configure:12959: checking for xsltproc
configure:12977: found /usr/bin/xsltproc
configure:12989: result: /usr/bin/xsltproc
configure:13006: checking whether to build the gnome-shell search provider
configure:13015: result: yes
configure:13020: checking for /usr/share/dbus-1/interfaces/org.gnome.ShellSearchProvider2.xml
configure:13034: result: yes
configure:13075: checking for NAUTILUS
configure:13085: $PKG_CONFIG --exists --print-errors "
    libnautilus-extension >= $NAUTILUS_REQUIRED
    gio-2.0
    gio-unix-2.0"
configure:13091: $? = 0
configure:13111: $PKG_CONFIG --exists --print-errors "
    libnautilus-extension >= $NAUTILUS_REQUIRED
    gio-2.0
    gio-unix-2.0"
configure:13117: $? = 0
configure:13187: result: yes
configure:13263: checking if gcc supports flag -pipe in envvar CFLAGS
configure:13274: gcc -o conftest -Werror -pipe -D_FORTIFY_SOURCE=2 -Wl,-O1,--sort-common,--as-needed,-z,relro,-z,now conftest.c  >&5
configure:13274: $? = 0
configure:13284: result: yes
configure:13263: checking if gcc supports flag -Waggregate-return in envvar CFLAGS
configure:13274: gcc -o conftest -Werror -Waggregate-return -D_FORTIFY_SOURCE=2 -Wl,-O1,--sort-common,--as-needed,-z,relro,-z,now conftest.c  >&5
configure:13274: $? = 0
configure:13284: result: yes
configure:13263: checking if gcc supports flag -Wall in envvar CFLAGS
configure:13274: gcc -o conftest -Werror -Wall -D_FORTIFY_SOURCE=2 -Wl,-O1,--sort-common,--as-needed,-z,relro,-z,now conftest.c  >&5
configure:13274: $? = 0
configure:13284: result: yes
configure:13263: checking if gcc supports flag -Wcast-align in envvar CFLAGS
configure:13274: gcc -o conftest -Werror -Wcast-align -D_FORTIFY_SOURCE=2 -Wl,-O1,--sort-common,--as-needed,-z,relro,-z,now conftest.c  >&5
configure:13274: $? = 0
configure:13284: result: yes
configure:13263: checking if gcc supports flag -Wendif-labels in envvar CFLAGS
configure:13274: gcc -o conftest -Werror -Wendif-labels -D_FORTIFY_SOURCE=2 -Wl,-O1,--sort-common,--as-needed,-z,relro,-z,now conftest.c  >&5
configure:13274: $? = 0
configure:13284: result: yes
configure:13263: checking if gcc supports flag -Werror=format=2 -Werror=format-nonliteral -Werror=format-security in envvar CFLAGS
configure:13274: gcc -o conftest -Werror -Werror=format=2 -Werror=format-nonliteral -Werror=format-security -D_FORTIFY_SOURCE=2 -Wl,-O1,--sort-common,--as-needed,-z,relro,-z,now conftest.c  >&5
configure:13274: $? = 0
configure:13284: result: yes
configure:13263: checking if gcc supports flag -Werror=implicit-function-declaration in envvar CFLAGS
configure:13274: gcc -o conftest -Werror -Werror=implicit-function-declaration -D_FORTIFY_SOURCE=2 -Wl,-O1,--sort-common,--as-needed,-z,relro,-z,now conftest.c  >&5
configure:13274: $? = 0
configure:13284: result: yes
configure:13263: checking if gcc supports flag -Werror=init-self in envvar CFLAGS
configure:13274: gcc -o conftest -Werror -Werror=init-self -D_FORTIFY_SOURCE=2 -Wl,-O1,--sort-common,--as-needed,-z,relro,-z,now conftest.c  >&5
configure:13274: $? = 0
configure:13284: result: yes
configure:13263: checking if gcc supports flag -Werror=missing-include-dirs in envvar CFLAGS
configure:13274: gcc -o conftest -Werror -Werror=missing-include-dirs -D_FORTIFY_SOURCE=2 -Wl,-O1,--sort-common,--as-needed,-z,relro,-z,now conftest.c  >&5
configure:13274: $? = 0
configure:13284: result: yes
configure:13263: checking if gcc supports flag -Werror=missing-prototypes in envvar CFLAGS
configure:13274: gcc -o conftest -Werror -Werror=missing-prototypes -D_FORTIFY_SOURCE=2 -Wl,-O1,--sort-common,--as-needed,-z,relro,-z,now conftest.c  >&5
configure:13274: $? = 0
configure:13284: result: yes
configure:13263: checking if gcc supports flag -Werror=pointer-arith in envvar CFLAGS
configure:13274: gcc -o conftest -Werror -Werror=pointer-arith -D_FORTIFY_SOURCE=2 -Wl,-O1,--sort-common,--as-needed,-z,relro,-z,now conftest.c  >&5
configure:13274: $? = 0
configure:13284: result: yes
configure:13263: checking if gcc supports flag -Wextra in envvar CFLAGS
configure:13274: gcc -o conftest -Werror -Wextra -D_FORTIFY_SOURCE=2 -Wl,-O1,--sort-common,--as-needed,-z,relro,-z,now conftest.c  >&5
configure:13274: $? = 0
configure:13284: result: yes
configure:13263: checking if gcc supports flag -Wfloat-equal in envvar CFLAGS
configure:13274: gcc -o conftest -Werror -Wfloat-equal -D_FORTIFY_SOURCE=2 -Wl,-O1,--sort-common,--as-needed,-z,relro,-z,now conftest.c  >&5
configure:13274: $? = 0
configure:13284: result: yes
configure:13263: checking if gcc supports flag -Wimplicit in envvar CFLAGS
configure:13274: gcc -o conftest -Werror -Wimplicit -D_FORTIFY_SOURCE=2 -Wl,-O1,--sort-common,--as-needed,-z,relro,-z,now conftest.c  >&5
configure:13274: $? = 0
configure:13284: result: yes
configure:13263: checking if gcc supports flag -Wlogical-op in envvar CFLAGS
configure:13274: gcc -o conftest -Werror -Wlogical-op -D_FORTIFY_SOURCE=2 -Wl,-O1,--sort-common,--as-needed,-z,relro,-z,now conftest.c  >&5
configure:13274: $? = 0
configure:13284: result: yes
configure:13263: checking if gcc supports flag -Wmissing-declarations in envvar CFLAGS
configure:13274: gcc -o conftest -Werror -Wmissing-declarations -D_FORTIFY_SOURCE=2 -Wl,-O1,--sort-common,--as-needed,-z,relro,-z,now conftest.c  >&5
configure:13274: $? = 0
configure:13284: result: yes
configure:13263: checking if gcc supports flag -Wmissing-include-dirs in envvar CFLAGS
configure:13274: gcc -o conftest -Werror -Wmissing-include-dirs -D_FORTIFY_SOURCE=2 -Wl,-O1,--sort-common,--as-needed,-z,relro,-z,now conftest.c  >&5
configure:13274: $? = 0
configure:13284: result: yes
configure:13263: checking if gcc supports flag -Wmissing-format-attribute in envvar CFLAGS
configure:13274: gcc -o conftest -Werror -Wmissing-format-attribute -D_FORTIFY_SOURCE=2 -Wl,-O1,--sort-common,--as-needed,-z,relro,-z,now conftest.c  >&5
configure:13274: $? = 0
configure:13284: result: yes
configure:13263: checking if gcc supports flag -Wmissing-noreturn in envvar CFLAGS
configure:13274: gcc -o conftest -Werror -Wmissing-noreturn -D_FORTIFY_SOURCE=2 -Wl,-O1,--sort-common,--as-needed,-z,relro,-z,now conftest.c  >&5
configure:13274: $? = 0
configure:13284: result: yes
configure:13263: checking if gcc supports flag -Wnested-externs in envvar CFLAGS
configure:13274: gcc -o conftest -Werror -Wnested-externs -D_FORTIFY_SOURCE=2 -Wl,-O1,--sort-common,--as-needed,-z,relro,-z,now conftest.c  >&5
configure:13274: $? = 0
configure:13284: result: yes
configure:13263: checking if gcc supports flag -Wno-missing-field-initializers in envvar CFLAGS
configure:13274: gcc -o conftest -Werror -Wmissing-field-initializers -D_FORTIFY_SOURCE=2 -Wl,-O1,--sort-common,--as-needed,-z,relro,-z,now conftest.c  >&5
configure:13274: $? = 0
configure:13284: result: yes
configure:13263: checking if gcc supports flag -Wno-switch-enum in envvar CFLAGS
configure:13274: gcc -o conftest -Werror -Wswitch-enum -D_FORTIFY_SOURCE=2 -Wl,-O1,--sort-common,--as-needed,-z,relro,-z,now conftest.c  >&5
configure:13274: $? = 0
configure:13284: result: yes
configure:13263: checking if gcc supports flag -Wno-unused-parameter in envvar CFLAGS
configure:13274: gcc -o conftest -Werror -Wunused-parameter -D_FORTIFY_SOURCE=2 -Wl,-O1,--sort-common,--as-needed,-z,relro,-z,now conftest.c  >&5
configure:13274: $? = 0
configure:13284: result: yes
configure:13263: checking if gcc supports flag -Wold-style-definition in envvar CFLAGS
configure:13274: gcc -o conftest -Werror -Wold-style-definition -D_FORTIFY_SOURCE=2 -Wl,-O1,--sort-common,--as-needed,-z,relro,-z,now conftest.c  >&5
configure:13274: $? = 0
configure:13284: result: yes
configure:13263: checking if gcc supports flag -Wpacked in envvar CFLAGS
configure:13274: gcc -o conftest -Werror -Wpacked -D_FORTIFY_SOURCE=2 -Wl,-O1,--sort-common,--as-needed,-z,relro,-z,now conftest.c  >&5
configure:13274: $? = 0
configure:13284: result: yes
configure:13263: checking if gcc supports flag -Wshadow in envvar CFLAGS
configure:13274: gcc -o conftest -Werror -Wshadow -D_FORTIFY_SOURCE=2 -Wl,-O1,--sort-common,--as-needed,-z,relro,-z,now conftest.c  >&5
configure:13274: $? = 0
configure:13284: result: yes
configure:13263: checking if gcc supports flag -Wsign-compare in envvar CFLAGS
configure:13274: gcc -o conftest -Werror -Wsign-compare -D_FORTIFY_SOURCE=2 -Wl,-O1,--sort-common,--as-needed,-z,relro,-z,now conftest.c  >&5
configure:13274: $? = 0
configure:13284: result: yes
configure:13263: checking if gcc supports flag -Wstrict-aliasing=2 in envvar CFLAGS
configure:13274: gcc -o conftest -Werror -Wstrict-aliasing=2 -D_FORTIFY_SOURCE=2 -Wl,-O1,--sort-common,--as-needed,-z,relro,-z,now conftest.c  >&5
configure:13274: $? = 0
configure:13284: result: yes
configure:13263: checking if gcc supports flag -Wstrict-prototypes in envvar CFLAGS
configure:13274: gcc -o conftest -Werror -Wstrict-prototypes -D_FORTIFY_SOURCE=2 -Wl,-O1,--sort-common,--as-needed,-z,relro,-z,now conftest.c  >&5
configure:13274: $? = 0
configure:13284: result: yes
configure:13263: checking if gcc supports flag -Wundef in envvar CFLAGS
configure:13274: gcc -o conftest -Werror -Wundef -D_FORTIFY_SOURCE=2 -Wl,-O1,--sort-common,--as-needed,-z,relro,-z,now conftest.c  >&5
configure:13274: $? = 0
configure:13284: result: yes
configure:13263: checking if gcc supports flag -Wuninitialized in envvar CFLAGS
configure:13274: gcc -o conftest -Werror -Wuninitialized -D_FORTIFY_SOURCE=2 -Wl,-O1,--sort-common,--as-needed,-z,relro,-z,now conftest.c  >&5
configure:13274: $? = 0
configure:13284: result: yes
configure:13263: checking if gcc supports flag -Wunsafe-loop-optimizations in envvar CFLAGS
configure:13274: gcc -o conftest -Werror -Wunsafe-loop-optimizations -D_FORTIFY_SOURCE=2 -Wl,-O1,--sort-common,--as-needed,-z,relro,-z,now conftest.c  >&5
configure:13274: $? = 0
configure:13284: result: yes
configure:13263: checking if gcc supports flag -Wvla in envvar CFLAGS
configure:13274: gcc -o conftest -Werror -Wvla -D_FORTIFY_SOURCE=2 -Wl,-O1,--sort-common,--as-needed,-z,relro,-z,now conftest.c  >&5
configure:13274: $? = 0
configure:13284: result: yes
configure:13263: checking if gcc supports flag -Wwrite-strings in envvar CFLAGS
configure:13274: gcc -o conftest -Werror -Wwrite-strings -D_FORTIFY_SOURCE=2 -Wl,-O1,--sort-common,--as-needed,-z,relro,-z,now conftest.c  >&5
configure:13274: $? = 0
configure:13284: result: yes
configure:13263: checking if gcc supports flag -Wformat-signedness in envvar CFLAGS
configure:13274: gcc -o conftest -Werror -Wformat-signedness -D_FORTIFY_SOURCE=2 -Wl,-O1,--sort-common,--as-needed,-z,relro,-z,now conftest.c  >&5
configure:13274: $? = 0
configure:13284: result: yes
configure:13263: checking if gcc supports flag -fno-common in envvar CFLAGS
configure:13274: gcc -o conftest -Werror -fno-common -D_FORTIFY_SOURCE=2 -Wl,-O1,--sort-common,--as-needed,-z,relro,-z,now conftest.c  >&5
configure:13274: $? = 0
configure:13284: result: yes
configure:13263: checking if gcc supports flag -fdiagnostics-show-option in envvar CFLAGS
configure:13274: gcc -o conftest -Werror -fdiagnostics-show-option -D_FORTIFY_SOURCE=2 -Wl,-O1,--sort-common,--as-needed,-z,relro,-z,now conftest.c  >&5
configure:13274: $? = 0
configure:13284: result: yes
configure:13263: checking if gcc supports flag -fno-strict-aliasing in envvar CFLAGS
configure:13274: gcc -o conftest -Werror -fno-strict-aliasing -D_FORTIFY_SOURCE=2 -Wl,-O1,--sort-common,--as-needed,-z,relro,-z,now conftest.c  >&5
configure:13274: $? = 0
configure:13284: result: yes
configure:13263: checking if gcc supports flag -fvisibility=hidden in envvar CFLAGS
configure:13274: gcc -o conftest -Werror -fvisibility=hidden -D_FORTIFY_SOURCE=2 -Wl,-O1,--sort-common,--as-needed,-z,relro,-z,now conftest.c  >&5
configure:13274: $? = 0
configure:13284: result: yes
configure:13263: checking if gcc supports flag -fstack-protector in envvar CFLAGS
configure:13274: gcc -o conftest -Werror -fstack-protector -D_FORTIFY_SOURCE=2 -Wl,-O1,--sort-common,--as-needed,-z,relro,-z,now conftest.c  >&5
configure:13274: $? = 0
configure:13284: result: yes
configure:13263: checking if gcc supports flag -fstack-protector-strong in envvar CFLAGS
configure:13274: gcc -o conftest -Werror -fstack-protector-strong -D_FORTIFY_SOURCE=2 -Wl,-O1,--sort-common,--as-needed,-z,relro,-z,now conftest.c  >&5
configure:13274: $? = 0
configure:13284: result: yes
configure:13298: checking whether to enable special debug support
configure:13307: result: no
configure:13355: checking for itstool
configure:13371: found /usr/bin/itstool
configure:13382: result: itstool
configure:13397: checking for xmllint
configure:13424: result: /usr/bin/xmllint
configure:13750: checking that generated files are newer than configure
configure:13756: result: done
configure:13791: creating ./config.status

## ---------------------- ##
## Running config.status. ##
## ---------------------- ##

This file was extended by GNOME Terminal config.status 3.38.1, which was
generated by GNU Autoconf 2.69.  Invocation command line was

  CONFIG_FILES    = 
  CONFIG_HEADERS  = 
  CONFIG_LINKS    = 
  CONFIG_COMMANDS = 
  $ ./config.status 

on Arch-VM

config.status:1400: creating Makefile
config.status:1400: creating org.gnome.Terminal.desktop.in
config.status:1400: creating data/Makefile
config.status:1400: creating data/icons/Makefile
config.status:1400: creating man/Makefile
config.status:1400: creating src/Makefile
config.status:1400: creating src/terminal-version.h
config.status:1400: creating help/Makefile
config.status:1400: creating po/Makefile.in
config.status:1400: creating config.h
config.status:1629: executing depfiles commands
config.status:1706: cd src       && sed -e '/# am--include-marker/d' Makefile         | make -f - am--depfiles
config.status:1711: $? = 0
config.status:1629: executing libtool commands
config.status:1629: executing po-directories commands

## ---------------- ##
## Cache variables. ##
## ---------------- ##

ac_cv_build=x86_64-pc-linux-gnu
ac_cv_c_compiler_gnu=yes
ac_cv_env_CC_set=
ac_cv_env_CC_value=
ac_cv_env_CFLAGS_set=set
ac_cv_env_CFLAGS_value='-march=x86-64 -mtune=generic -O2 -pipe -fno-plt'
ac_cv_env_CPPFLAGS_set=set
ac_cv_env_CPPFLAGS_value=-D_FORTIFY_SOURCE=2
ac_cv_env_CPP_set=
ac_cv_env_CPP_value=
ac_cv_env_DESKTOP_FILE_VALIDATE_set=
ac_cv_env_DESKTOP_FILE_VALIDATE_value=
ac_cv_env_GDBUS_CODEGEN_set=
ac_cv_env_GDBUS_CODEGEN_value=
ac_cv_env_GLIB_COMPILE_RESOURCES_set=
ac_cv_env_GLIB_COMPILE_RESOURCES_value=
ac_cv_env_GLIB_COMPILE_SCHEMAS_set=
ac_cv_env_GLIB_COMPILE_SCHEMAS_value=
ac_cv_env_GLIB_GENMARSHAL_set=
ac_cv_env_GLIB_GENMARSHAL_value=
ac_cv_env_GLIB_MKENUMS_set=
ac_cv_env_GLIB_MKENUMS_value=
ac_cv_env_ITSTOOL_set=
ac_cv_env_ITSTOOL_value=
ac_cv_env_LDFLAGS_set=set
ac_cv_env_LDFLAGS_value=-Wl,-O1,--sort-common,--as-needed,-z,relro,-z,now
ac_cv_env_LIBS_set=
ac_cv_env_LIBS_value=
ac_cv_env_LT_SYS_LIBRARY_PATH_set=
ac_cv_env_LT_SYS_LIBRARY_PATH_value=
ac_cv_env_NAUTILUS_CFLAGS_set=
ac_cv_env_NAUTILUS_CFLAGS_value=
ac_cv_env_NAUTILUS_LIBS_set=
ac_cv_env_NAUTILUS_LIBS_value=
ac_cv_env_PKG_CONFIG_LIBDIR_set=
ac_cv_env_PKG_CONFIG_LIBDIR_value=
ac_cv_env_PKG_CONFIG_PATH_set=
ac_cv_env_PKG_CONFIG_PATH_value=
ac_cv_env_PKG_CONFIG_set=
ac_cv_env_PKG_CONFIG_value=
ac_cv_env_TERM_CFLAGS_set=
ac_cv_env_TERM_CFLAGS_value=
ac_cv_env_TERM_LIBS_set=
ac_cv_env_TERM_LIBS_value=
ac_cv_env_XMLLINT_set=
ac_cv_env_XMLLINT_value=
ac_cv_env_XSLTPROC_set=
ac_cv_env_XSLTPROC_value=
ac_cv_env_build_alias_set=
ac_cv_env_build_alias_value=
ac_cv_env_host_alias_set=
ac_cv_env_host_alias_value=
ac_cv_env_target_alias_set=
ac_cv_env_target_alias_value=
ac_cv_file__usr_share_dbus_1_interfaces_org_gnome_ShellSearchProvider2_xml=yes
ac_cv_header_dlfcn_h=yes
ac_cv_header_inttypes_h=yes
ac_cv_header_memory_h=yes
ac_cv_header_minix_config_h=no
ac_cv_header_stdc=yes
ac_cv_header_stdint_h=yes
ac_cv_header_stdlib_h=yes
ac_cv_header_string_h=yes
ac_cv_header_strings_h=yes
ac_cv_header_sys_stat_h=yes
ac_cv_header_sys_types_h=yes
ac_cv_header_unistd_h=yes
ac_cv_host=x86_64-pc-linux-gnu
ac_cv_objext=o
ac_cv_path_DESKTOP_FILE_VALIDATE=/usr/bin/desktop-file-validate
ac_cv_path_EGREP='/usr/bin/grep -E'
ac_cv_path_FGREP='/usr/bin/grep -F'
ac_cv_path_GDBUS_CODEGEN=/usr/bin/gdbus-codegen
ac_cv_path_GLIB_COMPILE_RESOURCES=/usr/bin/glib-compile-resources
ac_cv_path_GLIB_GENMARSHAL=/usr/bin/glib-genmarshal
ac_cv_path_GLIB_MKENUMS=/usr/bin/glib-mkenums
ac_cv_path_GMSGFMT=/usr/bin/msgfmt
ac_cv_path_GREP=/usr/bin/grep
ac_cv_path_MSGFMT=/usr/bin/msgfmt
ac_cv_path_MSGMERGE=/usr/bin/msgmerge
ac_cv_path_SED=/usr/bin/sed
ac_cv_path_XGETTEXT=/usr/bin/xgettext
ac_cv_path_XMLLINT=/usr/bin/xmllint
ac_cv_path_XSLTPROC=/usr/bin/xsltproc
ac_cv_path_ac_pt_PKG_CONFIG=/usr/bin/pkg-config
ac_cv_path_install='/usr/bin/install -c'
ac_cv_path_lt_DD=/usr/bin/dd
ac_cv_path_mkdir=/usr/bin/mkdir
ac_cv_prog_AWK=gawk
ac_cv_prog_CPP='gcc -E'
ac_cv_prog_ITSTOOL=itstool
ac_cv_prog_XMLLINT=/usr/bin/xmllint
ac_cv_prog_ac_ct_AR=ar
ac_cv_prog_ac_ct_CC=gcc
ac_cv_prog_ac_ct_OBJDUMP=objdump
ac_cv_prog_ac_ct_RANLIB=ranlib
ac_cv_prog_ac_ct_STRIP=strip
ac_cv_prog_cc_c89=
ac_cv_prog_cc_c99=
ac_cv_prog_cc_g=yes
ac_cv_prog_make_make_set=yes
ac_cv_safe_to_define___extensions__=yes
ac_cv_search_strerror='none required'
acl_cv_hardcode_direct=no
acl_cv_hardcode_libdir_flag_spec='${wl}-rpath ${wl}$libdir'
acl_cv_hardcode_libdir_separator=
acl_cv_hardcode_minus_L=no
acl_cv_libext=a
acl_cv_libname_spec='lib$name'
acl_cv_library_names_spec='$libname$shrext'
acl_cv_path_LD='/usr/bin/ld -m elf_x86_64'
acl_cv_prog_gnu_ld=yes
acl_cv_rpath=done
acl_cv_shlibext=so
acl_cv_wl=-Wl,
am_cv_CC_dependencies_compiler_type=gcc3
am_cv_make_support_nested_variables=yes
am_cv_prog_cc_c_o=yes
ax_cv_PTHREAD_CLANG=no
ax_cv_PTHREAD_JOINABLE_ATTR=PTHREAD_CREATE_JOINABLE
ax_cv_PTHREAD_PRIO_INHERIT=yes
ax_cv_PTHREAD_SPECIAL_FLAGS=no
cc_cv_CFLAGS__Waggregate_return=yes
cc_cv_CFLAGS__Wall=yes
cc_cv_CFLAGS__Wcast_align=yes
cc_cv_CFLAGS__Wendif_labels=yes
cc_cv_CFLAGS__Werror_format_2__Werror_format_nonliteral__Werror_format_security=yes
cc_cv_CFLAGS__Werror_implicit_function_declaration=yes
cc_cv_CFLAGS__Werror_init_self=yes
cc_cv_CFLAGS__Werror_missing_include_dirs=yes
cc_cv_CFLAGS__Werror_missing_prototypes=yes
cc_cv_CFLAGS__Werror_pointer_arith=yes
cc_cv_CFLAGS__Wextra=yes
cc_cv_CFLAGS__Wfloat_equal=yes
cc_cv_CFLAGS__Wformat_signedness=yes
cc_cv_CFLAGS__Wimplicit=yes
cc_cv_CFLAGS__Wlogical_op=yes
cc_cv_CFLAGS__Wmissing_declarations=yes
cc_cv_CFLAGS__Wmissing_format_attribute=yes
cc_cv_CFLAGS__Wmissing_include_dirs=yes
cc_cv_CFLAGS__Wmissing_noreturn=yes
cc_cv_CFLAGS__Wnested_externs=yes
cc_cv_CFLAGS__Wno_missing_field_initializers=yes
cc_cv_CFLAGS__Wno_switch_enum=yes
cc_cv_CFLAGS__Wno_unused_parameter=yes
cc_cv_CFLAGS__Wold_style_definition=yes
cc_cv_CFLAGS__Wpacked=yes
cc_cv_CFLAGS__Wshadow=yes
cc_cv_CFLAGS__Wsign_compare=yes
cc_cv_CFLAGS__Wstrict_aliasing_2=yes
cc_cv_CFLAGS__Wstrict_prototypes=yes
cc_cv_CFLAGS__Wundef=yes
cc_cv_CFLAGS__Wuninitialized=yes
cc_cv_CFLAGS__Wunsafe_loop_optimizations=yes
cc_cv_CFLAGS__Wvla=yes
cc_cv_CFLAGS__Wwrite_strings=yes
cc_cv_CFLAGS__fdiagnostics_show_option=yes
cc_cv_CFLAGS__fno_common=yes
cc_cv_CFLAGS__fno_strict_aliasing=yes
cc_cv_CFLAGS__fstack_protector=yes
cc_cv_CFLAGS__fstack_protector_strong=yes
cc_cv_CFLAGS__fvisibility_hidden=yes
cc_cv_CFLAGS__pipe=yes
gt_cv_func_CFLocaleCopyCurrent=no
gt_cv_func_CFPreferencesCopyAppValue=no
gt_cv_func_gnugettext1_libc=yes
lt_cv_ar_at_file=@
lt_cv_archive_cmds_need_lc=no
lt_cv_deplibs_check_method=pass_all
lt_cv_file_magic_cmd='$MAGIC_CMD'
lt_cv_file_magic_test_file=
lt_cv_ld_reload_flag=-r
lt_cv_nm_interface='BSD nm'
lt_cv_objdir=.libs
lt_cv_path_LD=/usr/bin/ld
lt_cv_path_NM='/usr/bin/nm -B'
lt_cv_path_mainfest_tool=no
lt_cv_prog_compiler_c_o=yes
lt_cv_prog_compiler_pic='-fPIC -DPIC'
lt_cv_prog_compiler_pic_works=yes
lt_cv_prog_compiler_rtti_exceptions=no
lt_cv_prog_compiler_static_works=yes
lt_cv_prog_gnu_ld=yes
lt_cv_sharedlib_from_linklib_cmd='printf %s\n'
lt_cv_shlibpath_overrides_runpath=no
lt_cv_sys_global_symbol_pipe='sed -n -e '\''s/^.*[	 ]\([ABCDGIRSTW][ABCDGIRSTW]*\)[	 ][	 ]*\([_A-Za-z][_A-Za-z0-9]*\)$/\1 \2 \2/p'\'' | sed '\''/ __gnu_lto/d'\'''
lt_cv_sys_global_symbol_to_c_name_address='sed -n -e '\''s/^: \(.*\) .*$/  {"\1", (void *) 0},/p'\'' -e '\''s/^[ABCDGIRSTW][ABCDGIRSTW]* .* \(.*\)$/  {"\1", (void *) \&\1},/p'\'''
lt_cv_sys_global_symbol_to_c_name_address_lib_prefix='sed -n -e '\''s/^: \(.*\) .*$/  {"\1", (void *) 0},/p'\'' -e '\''s/^[ABCDGIRSTW][ABCDGIRSTW]* .* \(lib.*\)$/  {"\1", (void *) \&\1},/p'\'' -e '\''s/^[ABCDGIRSTW][ABCDGIRSTW]* .* \(.*\)$/  {"lib\1", (void *) \&\1},/p'\'''
lt_cv_sys_global_symbol_to_cdecl='sed -n -e '\''s/^T .* \(.*\)$/extern int \1();/p'\'' -e '\''s/^[ABCDGIRSTW][ABCDGIRSTW]* .* \(.*\)$/extern char \1;/p'\'''
lt_cv_sys_global_symbol_to_import=
lt_cv_sys_max_cmd_len=1572864
lt_cv_to_host_file_cmd=func_convert_file_noop
lt_cv_to_tool_file_cmd=func_convert_file_noop
lt_cv_truncate_bin='/usr/bin/dd bs=4096 count=1'
pkg_cv_GLIB_COMPILE_SCHEMAS=/usr/bin/glib-compile-schemas
pkg_cv_NAUTILUS_CFLAGS='-I/usr/include/nautilus -I/usr/include/glib-2.0 -I/usr/lib/glib-2.0/include -I/usr/include/libmount -I/usr/include/blkid -I/usr/include/gtk-3.0 -I/usr/include/pango-1.0 -I/usr/include/harfbuzz -I/usr/include/freetype2 -I/usr/include/libpng16 -I/usr/include/fribidi -I/usr/include/cairo -I/usr/include/pixman-1 -I/usr/include/gdk-pixbuf-2.0 -I/usr/include/gio-unix-2.0 -I/usr/include/cloudproviders -I/usr/include/atk-1.0 -I/usr/include/at-spi2-atk/2.0 -I/usr/include/dbus-1.0 -I/usr/lib/dbus-1.0/include -I/usr/include/at-spi-2.0 -pthread '
pkg_cv_NAUTILUS_LIBS='-lnautilus-extension -lgtk-3 -lgdk-3 -lz -lpangocairo-1.0 -lpango-1.0 -lharfbuzz -latk-1.0 -lcairo-gobject -lcairo -lgdk_pixbuf-2.0 -lgio-2.0 -lgobject-2.0 -lglib-2.0 '
pkg_cv_TERM_CFLAGS='-I/usr/include/vte-2.91 -I/usr/include/glib-2.0 -I/usr/lib/glib-2.0/include -I/usr/include/libmount -I/usr/include/blkid -I/usr/include/pango-1.0 -I/usr/include/harfbuzz -I/usr/include/freetype2 -I/usr/include/libpng16 -I/usr/include/fribidi -I/usr/include/cairo -I/usr/include/pixman-1 -I/usr/include/gtk-3.0 -I/usr/include/gdk-pixbuf-2.0 -I/usr/include/gio-unix-2.0 -I/usr/include/cloudproviders -I/usr/include/atk-1.0 -I/usr/include/at-spi2-atk/2.0 -I/usr/include/dbus-1.0 -I/usr/lib/dbus-1.0/include -I/usr/include/at-spi-2.0 -I/usr/include/gsettings-desktop-schemas -I/usr/include/dconf -pthread -I/usr/include/uuid '
pkg_cv_TERM_LIBS='-lvte-2.91 -lgtk-3 -lgdk-3 -lz -lpangocairo-1.0 -lpango-1.0 -lharfbuzz -latk-1.0 -lcairo-gobject -lcairo -lgdk_pixbuf-2.0 -ldconf -lgio-2.0 -lgobject-2.0 -lglib-2.0 -luuid -lpcre2-8 -lX11 '

## ----------------- ##
## Output variables. ##
## ----------------- ##

























		$(INSTALL_DATA) $^ "$(DESTDIR)$(gsettingsschemadir)"; \
		test -n "$(GSETTINGS_DISABLE_SCHEMAS_COMPILE)$(DESTDIR)" || $(GLIB_COMPILE_SCHEMAS) $(gsettingsschemadir); \
		test -z "$(gsettingsschemadir)" || $(MKDIR_P) "$(DESTDIR)$(gsettingsschemadir)"; \
	        $(LN_S) -f "$(HELP_DIR)/C/$(HELP_ID)/$$f" "$$helpdir$$f" || exit 1; \
	        echo "$(LN_S) -f $(HELP_DIR)/C/$(HELP_ID)/$$f $$helpdir$$f"; \
	      $(INSTALL_DATA) "$$d$$lc/$$f" "$$helpdir$$f" || exit 1; \
	      echo "$(INSTALL_DATA) $$d$$lc/$$f $$helpdir$$f"; \
	      fi; \
	      if test "x$(YELP_LC_MEDIA_LINKS)" != "x"; then \
	    $(ITSTOOL) -o "$(notdir $@).tmp" $(_HELP_C_FILES) && \
	    $(ITSTOOL) -o "$(notdir $@).tmp" $(_HELP_C_FILES) && \
	    $(XMLLINT) --nonet --noout --noent --path "$$xmlpath" --xinclude "$$d$$lc/$$page"; \
	    cp -p "$$d$$lc/$$file" "$(distdir)/$$lc/" || exit 1; \
	    d="$(srcdir)/"; \
	    echo "$(XMLLINT) --nonet --noout --noent --path $$xmlpath --xinclude $$d$$lc/$$page"; \
	    echo "rm -f $$helpdir$$f"; \
	    elif test "x$$lc" != "xC"; then \
	    fi; \
	    helpdir="$(DESTDIR)$(HELP_DIR)/$$lc/$(HELP_ID)/"; \
	    helpdir="$(DESTDIR)$(HELP_DIR)/$$lc/$(HELP_ID)/"; \
	    if ! test -d "$$helpdir$$mdir"; then $(mkinstalldirs) "$$helpdir$$mdir"; fi; \
	    if test "x$mdir" = "x."; then mdir=""; fi; \
	    if test -f "$$d$$lc/$$f"; then \
	    if test -f "$$lc$$f"; then d=; else d="$(srcdir)/"; fi; \
	    if test -f "$$lc/$$file"; then d=./; else d=$(srcdir)/; fi; \
	    mdir=`dirname "$$f"`; \
	    msgmerge -o "$(notdir $@)" "$(notdir $@)" "$(notdir $@).tmp" && \
	    mv "$(notdir $@).tmp" "$(notdir $@)"); \
	    rm "$(notdir $@).tmp"); \
	    rm -f "$$helpdir$$f"; \
	    then d=; \
	    xmlpath="$$lc"; \
	    xmlpath="$$lc:$(srcdir)/$$lc"; \
	  $(INSTALL_DATA) "$$d$$f" "$$helpdir`basename $$f`" || exit 1; \
	  $(INSTALL_DATA) "$$d$$lc/$$f" "$$helpdir`basename $$f`" || exit 1; \
	  $(MKDIR_P) "$(distdir)/$$lc"; \
	  $(mkinstalldirs) "$(DESTDIR)$(HELP_DIR)/$$lc/$(HELP_ID)" || exit 1; \
	  (cd "$(dir $@)" && \
	  (cd "$(dir $@)" && \
	  done; \
	  done; \
	  done; \
	  done; \
	  echo "$(INSTALL_DATA) $$d$$f $$helpdir`basename $$f`"; \
	  echo "$(INSTALL_DATA) $$d$$lc/$$f $$helpdir`basename $$f`"; \
	  echo "rm -f $$helpdir`basename $$f`"; \
	  echo "rm -f $$helpdir`basename $$f`"; \
	  else \
	  fi; \
	  for file in $(HELP_FILES); do \
	  for lc in C $(_HELP_LINGUAS); do \
	  for lc in C $(_HELP_LINGUAS); do \
	  for page in $(HELP_FILES); do \
	  helpdir="$(DESTDIR)$(HELP_DIR)/$$lc/$(HELP_ID)/"; \
	  helpdir="$(DESTDIR)$(HELP_DIR)/$$lc/$(HELP_ID)/"; \
	  helpdir="$(DESTDIR)$(HELP_DIR)/$$lc/$(HELP_ID)/"; \
	  helpdir="$(DESTDIR)$(HELP_DIR)/$$lc/$(HELP_ID)/"; \
	  if ! test -d "$$helpdir"; then $(mkinstalldirs) "$$helpdir"; fi; \
	  if ! test -d "$$helpdir"; then $(mkinstalldirs) "$$helpdir"; fi; \
	  if test "x$(_HELP_V)" = "x0"; then echo "  GEN    $${po}"; fi; \
	  if test -d "$$lc"; \
	  if test -f "$$f"; then d=; else d="$(srcdir)/"; fi; \
	  if test -f "$$lc/$$f"; then d=; else d="$(srcdir)/"; fi; \
	  lc=`dirname "$$f"`; lc=`basename "$$lc"`; \
	  lc=`dirname "$$f"`; lc=`basename "$$lc"`; \
	  msgmerge -q -o "$${po}" "$${po}" "$(_HELP_POTFILE)"; \
	  rm -f "$$helpdir`basename $$f`"; \
	  rm -f "$$helpdir`basename $$f`"; \
	$(AM_V_GEN) $(GLIB_COMPILE_SCHEMAS) --strict --dry-run $(addprefix --schema-file=,$(gsettings__enum_file)) --schema-file=$< && mkdir -p $(@D) && touch $@
	$(AM_V_GEN) glib-mkenums --comments '\''<!-- @comment@ -->'\'' --fhead "<schemalist>" --vhead "  <@type@ id='\''$(gsettings_ENUM_NAMESPACE).@EnumName@'\''>" --vprod "    <value nick='\''@valuenick@'\'' value='\''@valuenum@'\''/>" --vtail "  </@type@>" --ftail "</schemalist>" $^ > $@.tmp && mv $@.tmp $@
	$(AM_V_GEN)if ! test -f "$@"; then \
	$(AM_V_GEN)if test -d "C"; then d=; else d="$(srcdir)/"; fi; \
	$(AM_V_GEN)msgfmt -o "$@" "$<"
	$(AM_V_at)for po in $(_HELP_POFILES); do \
	$(AM_V_at)if ! test -d "$(dir $@)"; then mkdir "$(dir $@)"; fi
	$(AM_V_at)if ! test -d "$(dir $@)"; then mkdir "$(dir $@)"; fi
	$(AM_V_at)if ! test -d "$(dir $@)"; then mkdir "$(dir $@)"; fi
	$(AM_V_at)if test ! -f "$@" -a -f "$(srcdir)/$@"; then cp "$(srcdir)/$@" "$@"; fi
	$(ITSTOOL) -o "$@" $(foreach f,$(_HELP_C_FILES),"$${d}$(f)")
	$(_HELP_LC_VERBOSE)if test -d "C"; then d="../"; else d="$(abs_srcdir)/"; fi; \
	(cd "$(dir $@)" && $(ITSTOOL) -m "$${mo}" $(foreach f,$(_HELP_C_FILES),$${d}/$(f))) && \
	@$(NORMAL_INSTALL)
	@$(NORMAL_UNINSTALL)
	@for f in $(HELP_MEDIA); do \
	@for f in $(HELP_MEDIA); do \
	@for f in $(_HELP_C_EXTRA); do \
	@for f in $(_HELP_C_EXTRA); do \
	@for lc in C $(_HELP_LINGUAS); do \
	@for lc in C $(_HELP_LINGUAS); do for f in $(HELP_FILES); do \
	@for lc in C $(if $(YELP_LC_DIST),$(HELP_LINGUAS)) ; do \
	@list='\''$(gsettings_SCHEMAS) $(gsettings__enum_file)'\''; test -n "$(gsettingsschemadir)" || list=; \
	cd "$(DESTDIR)$(gsettingsschemadir)" && rm -f $$files
	done
	done
	done
	done
	done
	done
	done;
	done; \
	done; done
	done; done
	echo " ( cd '\''$(DESTDIR)$(gsettingsschemadir)'\'' && rm -f" $$files ")"; \
	else \
	fi
	fi
	files=`for p in $$list; do echo $$p; done | sed -e '\''s|^.*/||'\''`; \
	for lc in C $(_HELP_LINGUAS); do \
	for lc in C $(_HELP_LINGUAS); do for f in $(HELP_FILES); do \
	if test -f "$${mo}"; then mo="../$${mo}"; else mo="$(abs_srcdir)/$${mo}"; fi; \
	if test -n "$^"; then \
	mo="$(dir $@)$(patsubst %/$(notdir $@),%,$@).mo"; \
	rm -f $(_HELP_LC_FILES) $(_HELP_LC_STAMPS) $(_HELP_MOFILES)
	rm -f $(gsettings_SCHEMAS:.xml=.valid) $(gsettings__enum_file)
	test -n "$$files" || exit 0; \
	test -n "$(GSETTINGS_DISABLE_SCHEMAS_COMPILE)$(DESTDIR)" || $(GLIB_COMPILE_SCHEMAS) $(gsettingsschemadir)
	touch "$@"
$(_HELP_LC_FILES): $(_HELP_LINGUAS)
$(_HELP_LC_STAMPS): $(_HELP_C_FILES) $(_HELP_C_EXTRA)
$(_HELP_LC_STAMPS): %.stamp: %.mo
$(_HELP_LINGUAS): $(_HELP_LC_STAMPS)
$(_HELP_MOFILES): %.mo: %.po
$(_HELP_POFILES):
$(_HELP_POTFILE): $(_HELP_C_FILES) $(_HELP_C_EXTRA) $(_HELP_C_MEDIA)
$(gsettings__enum_file): $(gsettings_ENUM_FILES)
%.gschema.valid: %.gschema.xml $(gsettings__enum_file)
'
.PHONY : uninstall-gsettings-schemas install-gsettings-schemas clean-gsettings-schemas
.PHONY: check-help
.PHONY: clean-help
.PHONY: install-help
.PHONY: pot
.PHONY: repo
.PHONY: uninstall-help
.SECONDARY: $(gsettings_SCHEMAS)
ACLOCAL='${SHELL} /home/frazer/.cache/yay/gnome-terminal-transparency/src/gnome-terminal-3.38.1/missing aclocal-1.16'
AMDEPBACKSLASH='\'
AMDEP_FALSE='#'
AMDEP_TRUE=''
AMTAR='$${TAR-tar}'
AM_BACKSLASH='\'
AM_CFLAGS=''
AM_CPPFLAGS=''
AM_DEFAULT_V='$(AM_DEFAULT_VERBOSITY)'
AM_DEFAULT_VERBOSITY='0'
AM_LDFLAGS=''
AM_V='$(V)'
AR='ar'
AUTOCONF='${SHELL} /home/frazer/.cache/yay/gnome-terminal-transparency/src/gnome-terminal-3.38.1/missing autoconf'
AUTOHEADER='${SHELL} /home/frazer/.cache/yay/gnome-terminal-transparency/src/gnome-terminal-3.38.1/missing autoheader'
AUTOMAKE='${SHELL} /home/frazer/.cache/yay/gnome-terminal-transparency/src/gnome-terminal-3.38.1/missing automake-1.16'
AWK='gawk'
CC='gcc'
CCDEPMODE='depmode=gcc3'
CFLAGS='-march=x86-64 -mtune=generic -O2 -pipe -fno-plt'
CPP='gcc -E'
CPPFLAGS='-D_FORTIFY_SOURCE=2'
CYGPATH_W='echo'
DEFS='-DHAVE_CONFIG_H'
DEPDIR='.deps'
DESKTOP_FILE_VALIDATE='/usr/bin/desktop-file-validate'
DLLTOOL='false'
DSYMUTIL=''
DUMPBIN=''
ECHO_C=''
ECHO_N='-n'
ECHO_T=''
EGREP='/usr/bin/grep -E'
ENABLE_SEARCH_PROVIDER_FALSE='#'
ENABLE_SEARCH_PROVIDER_TRUE=''
EXEEXT=''
EXTRA_DIST += $(_HELP_C_EXTRA) $(_HELP_C_MEDIA)
EXTRA_DIST += $(foreach f,$(HELP_MEDIA),$(foreach lc,$(HELP_LINGUAS),$(wildcard $(lc)/$(f))))
EXTRA_DIST += $(foreach lc,$(HELP_LINGUAS),$(lc)/$(lc).po)
EXTRA_DIST += $(if $(YELP_LC_DIST),$(foreach lc,$(HELP_LINGUAS),$(lc)/$(lc).stamp))
EXTRA_DIST ?=
FGREP='/usr/bin/grep -F'
GDBUS_CODEGEN='/usr/bin/gdbus-codegen'
GETTEXT_MACRO_VERSION='0.19'
GETTEXT_PACKAGE='gnome-terminal'
GLIB_COMPILE_RESOURCES='/usr/bin/glib-compile-resources'
GLIB_COMPILE_SCHEMAS='/usr/bin/glib-compile-schemas'
GLIB_GENMARSHAL='/usr/bin/glib-genmarshal'
GLIB_MKENUMS='/usr/bin/glib-mkenums'
GMSGFMT='/usr/bin/msgfmt'
GMSGFMT_015='/usr/bin/msgfmt'
GREP='/usr/bin/grep'
GSETTINGS_DISABLE_SCHEMAS_COMPILE=''
GSETTINGS_RULES='
GTK_API_VERSION='3.0'
HELP_DIR='${datadir}/help'
HELP_EXTRA ?=
HELP_FILES ?=
HELP_ID ?=
HELP_LINGUAS ?=
HELP_MEDIA ?=
HELP_POT ?=
INSTALL_DATA='${INSTALL} -m 644'
INSTALL_PROGRAM='${INSTALL}'
INSTALL_SCRIPT='${INSTALL}'
INSTALL_STRIP_PROGRAM='$(install_sh) -c -s'
INTLLIBS=''
INTL_MACOSX_LIBS=''
ITSTOOL='itstool'
LD='/usr/bin/ld -m elf_x86_64'
LDFLAGS='-Wl,-O1,--sort-common,--as-needed,-z,relro,-z,now'
LIBICONV='-liconv'
LIBINTL=''
LIBOBJS=''
LIBS=''
LIBTOOL='$(SHELL) $(top_builddir)/libtool'
LIPO=''
LN_S='ln -s'
LTLIBICONV='-liconv'
LTLIBINTL=''
LTLIBOBJS=''
LT_SYS_LIBRARY_PATH=''
MAINT=''
MAINTAINER_MODE_FALSE='#'
MAINTAINER_MODE_TRUE=''
MAKEINFO='${SHELL} /home/frazer/.cache/yay/gnome-terminal-transparency/src/gnome-terminal-3.38.1/missing makeinfo'
MANIFEST_TOOL=':'
MKDIR_P='/usr/bin/mkdir -p'
MSGFMT='/usr/bin/msgfmt'
MSGFMT_015='/usr/bin/msgfmt'
MSGMERGE='/usr/bin/msgmerge'
NAUTILUS_CFLAGS='-I/usr/include/nautilus -I/usr/include/glib-2.0 -I/usr/lib/glib-2.0/include -I/usr/include/libmount -I/usr/include/blkid -I/usr/include/gtk-3.0 -I/usr/include/pango-1.0 -I/usr/include/harfbuzz -I/usr/include/freetype2 -I/usr/include/libpng16 -I/usr/include/fribidi -I/usr/include/cairo -I/usr/include/pixman-1 -I/usr/include/gdk-pixbuf-2.0 -I/usr/include/gio-unix-2.0 -I/usr/include/cloudproviders -I/usr/include/atk-1.0 -I/usr/include/at-spi2-atk/2.0 -I/usr/include/dbus-1.0 -I/usr/lib/dbus-1.0/include -I/usr/include/at-spi-2.0 -pthread '
NAUTILUS_LIBS='-lnautilus-extension -lgtk-3 -lgdk-3 -lz -lpangocairo-1.0 -lpango-1.0 -lharfbuzz -latk-1.0 -lcairo-gobject -lcairo -lgdk_pixbuf-2.0 -lgio-2.0 -lgobject-2.0 -lglib-2.0 '
NM='/usr/bin/nm -B'
NMEDIT=''
OBJDUMP='objdump'
OBJEXT='o'
OTOOL64=''
OTOOL=''
PACKAGE='gnome-terminal'
PACKAGE_BUGREPORT='http://bugzilla.gnome.org/enter_bug.cgi?product=gnome-terminal'
PACKAGE_NAME='GNOME Terminal'
PACKAGE_STRING='GNOME Terminal 3.38.1'
PACKAGE_TARNAME='gnome-terminal'
PACKAGE_URL=''
PACKAGE_VERSION='3.38.1'
PATH_SEPARATOR=':'
PKG_CONFIG='/usr/bin/pkg-config'
PKG_CONFIG_LIBDIR=''
PKG_CONFIG_PATH=''
POSUB='po'
PTHREAD_CC='gcc'
PTHREAD_CFLAGS='-pthread'
PTHREAD_LIBS=''
RANLIB='ranlib'
SED='/usr/bin/sed'
SET_MAKE=''
SHELL='/bin/sh'
STRIP='strip'
TERMINAL_API_VERSION='0'
TERMINAL_MAJOR_VERSION='3'
TERMINAL_MICRO_VERSION='1'
TERMINAL_MINOR_VERSION='38'
TERM_CFLAGS='-I/usr/include/vte-2.91 -I/usr/include/glib-2.0 -I/usr/lib/glib-2.0/include -I/usr/include/libmount -I/usr/include/blkid -I/usr/include/pango-1.0 -I/usr/include/harfbuzz -I/usr/include/freetype2 -I/usr/include/libpng16 -I/usr/include/fribidi -I/usr/include/cairo -I/usr/include/pixman-1 -I/usr/include/gtk-3.0 -I/usr/include/gdk-pixbuf-2.0 -I/usr/include/gio-unix-2.0 -I/usr/include/cloudproviders -I/usr/include/atk-1.0 -I/usr/include/at-spi2-atk/2.0 -I/usr/include/dbus-1.0 -I/usr/lib/dbus-1.0/include -I/usr/include/at-spi-2.0 -I/usr/include/gsettings-desktop-schemas -I/usr/include/dconf -pthread -I/usr/include/uuid '
TERM_LIBS='-lvte-2.91 -lgtk-3 -lgdk-3 -lz -lpangocairo-1.0 -lpango-1.0 -lharfbuzz -latk-1.0 -lcairo-gobject -lcairo -lgdk_pixbuf-2.0 -ldconf -lgio-2.0 -lgobject-2.0 -lglib-2.0 -luuid -lpcre2-8 -lX11 '
USE_NLS='yes'
VERSION='3.38.1'
WARN_CFLAGS=' -pipe -Waggregate-return -Wall -Wcast-align -Wendif-labels -Werror=format=2 -Werror=format-nonliteral -Werror=format-security -Werror=implicit-function-declaration -Werror=init-self -Werror=missing-include-dirs -Werror=missing-prototypes -Werror=pointer-arith -Wextra -Wfloat-equal -Wimplicit -Wlogical-op -Wmissing-declarations -Wmissing-include-dirs -Wmissing-format-attribute -Wmissing-noreturn -Wnested-externs -Wno-missing-field-initializers -Wno-switch-enum -Wno-unused-parameter -Wold-style-definition -Wpacked -Wshadow -Wsign-compare -Wstrict-aliasing=2 -Wstrict-prototypes -Wundef -Wuninitialized -Wunsafe-loop-optimizations -Wvla -Wwrite-strings -Wformat-signedness -fno-common -fdiagnostics-show-option -fno-strict-aliasing -fvisibility=hidden -fstack-protector -fstack-protector-strong'
WITH_NAUTILUS_EXTENSION_FALSE='#'
WITH_NAUTILUS_EXTENSION_TRUE=''
XGETTEXT='/usr/bin/xgettext'
XGETTEXT_015='/usr/bin/xgettext'
XGETTEXT_EXTRA_OPTIONS=''
XMLLINT='/usr/bin/xmllint'
XSLTPROC='/usr/bin/xsltproc'
YELP_HELP_RULES='
YELP_LC_DIST=''
YELP_LC_MEDIA_LINKS=''
_HELP_C_EXTRA = $(foreach f,$(HELP_EXTRA),C/$(f))
_HELP_C_FILES = $(foreach f,$(HELP_FILES),C/$(f))
_HELP_C_MEDIA = $(foreach f,$(HELP_MEDIA),C/$(f))
_HELP_DEFAULT_V = $(if $(AM_DEFAULT_VERBOSITY),$(AM_DEFAULT_VERBOSITY),1)
_HELP_LC_FILES = $(foreach lc,$(_HELP_LINGUAS),$(foreach f,$(HELP_FILES),$(lc)/$(f)))
_HELP_LC_STAMPS = $(foreach lc,$(_HELP_LINGUAS),$(lc)/$(lc).stamp)
_HELP_LC_VERBOSE = $(_HELP_LC_VERBOSE_$(_HELP_V))
_HELP_LC_VERBOSE_ = $(_HELP_LC_VERBOSE_$(_HELP_DEFAULT_V))
_HELP_LC_VERBOSE_0 = @echo "  GEN    "$(dir $@);
_HELP_LINGUAS = $(if $(filter environment,$(origin LINGUAS)),$(filter $(LINGUAS),$(HELP_LINGUAS)),$(HELP_LINGUAS))
_HELP_MOFILES = $(patsubst %.po,%.mo,$(_HELP_POFILES))
_HELP_POFILES = $(if $(HELP_ID),$(foreach lc,$(_HELP_LINGUAS),$(lc)/$(lc).po))
_HELP_POTFILE = $(if $(HELP_POT),$(HELP_POT),$(if $(HELP_ID),$(HELP_ID).pot))
_HELP_V = $(if $(V),$(V),$(_HELP_DEFAULT_V))
ac_ct_AR='ar'
ac_ct_CC='gcc'
ac_ct_DUMPBIN=''
all-am: $(gsettings_SCHEMAS:.xml=.valid)
all: $(_HELP_C_FILES) $(_HELP_C_EXTRA) $(_HELP_C_MEDIA) $(_HELP_LC_FILES) $(_HELP_POFILES)
am__EXEEXT_FALSE=''
am__EXEEXT_TRUE='#'
am__fastdepCC_FALSE='#'
am__fastdepCC_TRUE=''
am__include='include'
am__isrc=''
am__leading_dot='.'
am__nodep='_no'
am__quote=''
am__tar='$${TAR-tar} chof - "$$tardir"'
am__untar='$${TAR-tar} xf -'
ax_pthread_config=''
bindir='${exec_prefix}/bin'
build='x86_64-pc-linux-gnu'
build_alias=''
build_cpu='x86_64'
build_os='linux-gnu'
build_vendor='pc'
check-help:
check: check-help
clean-gsettings-schemas:
clean-help:
datadir='${datarootdir}'
datarootdir='${prefix}/share'
dbusinterfacedir='${datadir}/dbus-1/interfaces'
dbusservicedir='${datadir}/dbus-1/services'
distdir-help-files: $(_HELP_LC_FILES)
distdir: distdir-help-files
docdir='${datarootdir}/doc/${PACKAGE_TARNAME}'
dvidir='${docdir}'
endif'
exec_prefix='${prefix}'
gsettings__enum_file = $(addsuffix .enums.xml,$(gsettings_ENUM_NAMESPACE))
gsettingsschemadir='${datarootdir}/glib-2.0/schemas'
host='x86_64-pc-linux-gnu'
host_alias=''
host_cpu='x86_64'
host_os='linux-gnu'
host_vendor='pc'
htmldir='${docdir}'
ifdef gsettings_ENUM_NAMESPACE
includedir='${prefix}/include'
infodir='${datarootdir}/info'
install-data-am: $(if $(HELP_ID),install-help)
install-data-am: install-gsettings-schemas
install-gsettings-schemas: $(gsettings_SCHEMAS) $(gsettings__enum_file)
install-help: $(_HELP_LC_FILES)
install_sh='${SHELL} /home/frazer/.cache/yay/gnome-terminal-transparency/src/gnome-terminal-3.38.1/install-sh'
libdir='${exec_prefix}/lib'
libexecdir='/usr/lib'
localedir='${datarootdir}/locale'
localstatedir='/var'
mandir='${datarootdir}/man'
mkdir_p='$(MKDIR_P)'
mostlyclean-am: $(if $(HELP_ID),clean-help)
mostlyclean-am: clean-gsettings-schemas
nautilusextensiondir='${libdir}/nautilus/extensions-3.0'
oldincludedir='/usr/include'
pdfdir='${docdir}'
pot: $(_HELP_POTFILE)
prefix='/usr'
program_transform_name='s,x,x,'
psdir='${docdir}'
repo: $(_HELP_POTFILE)
sbindir='${exec_prefix}/sbin'
sharedstatedir='${prefix}/com'
sysconfdir='/etc'
target_alias=''
uninstall-am: $(if $(HELP_ID),uninstall-help)
uninstall-am: uninstall-gsettings-schemas
uninstall-gsettings-schemas:
uninstall-help:

## ----------- ##
## confdefs.h. ##
## ----------- ##

/* confdefs.h */
#define PACKAGE_NAME "GNOME Terminal"
#define PACKAGE_TARNAME "gnome-terminal"
#define PACKAGE_VERSION "3.38.1"
#define PACKAGE_STRING "GNOME Terminal 3.38.1"
#define PACKAGE_BUGREPORT "http://bugzilla.gnome.org/enter_bug.cgi?product=gnome-terminal"
#define PACKAGE_URL ""
#define PACKAGE "gnome-terminal"
#define VERSION "3.38.1"
#define STDC_HEADERS 1
#define HAVE_SYS_TYPES_H 1
#define HAVE_SYS_STAT_H 1
#define HAVE_STDLIB_H 1
#define HAVE_STRING_H 1
#define HAVE_MEMORY_H 1
#define HAVE_STRINGS_H 1
#define HAVE_INTTYPES_H 1
#define HAVE_STDINT_H 1
#define HAVE_UNISTD_H 1
#define __EXTENSIONS__ 1
#define _ALL_SOURCE 1
#define _GNU_SOURCE 1
#define _POSIX_PTHREAD_SEMANTICS 1
#define _TANDEM_SOURCE 1
#define GETTEXT_PACKAGE "gnome-terminal"
#define STDC_HEADERS 1
#define HAVE_DLFCN_H 1
#define LT_OBJDIR ".libs/"
#define ENABLE_NLS 1
#define HAVE_GETTEXT 1
#define HAVE_DCGETTEXT 1
#define HAVE_PTHREAD_PRIO_INHERIT 1
#define HAVE_PTHREAD 1
#define ENABLE_SEARCH_PROVIDER 1
#define GLIB_VERSION_MIN_REQUIRED G_ENCODE_VERSION(2,52)
#define GLIB_VERSION_MAX_ALLOWED G_ENCODE_VERSION(2,52)
#define GDK_VERSION_MIN_REQUIRED G_ENCODE_VERSION(3,18)
#define GDK_VERSION_MAX_ALLOWED G_ENCODE_VERSION(3,24)

configure: exit 0
